828873.578753259	828873.65194678	73.19352100603282
828883.773649681	828883.893390196	119.74051501601934
828893.912207364	828894.255033886	342.8265219554305
828904.327541324	828904.519539296	191.99797208420932
828914.520621346	828914.532333574	11.71222806442529
828924.774904152	828924.947713778	172.80962597578764
828934.928835645	828934.957784574	28.948929044418037
828945.088455766	828945.318454628	229.9988620216027
828955.416357096	828955.577810752	161.45365592092276
828965.577482558	828965.593215962	15.733404085040092
828975.799332928	828976.005763896	206.43096801359206
828986.240550388	828986.371178712	130.6283239973709
828996.419526212	828996.629860689	210.33447701483965
829006.59112101	829006.643582685	52.46167501900345
829016.594652246	829016.655331491	60.679245041683316
829026.758962633	829026.816599504	57.6368710026145
829036.830206124	829037.079230477	249.02435299009085
829046.882596992	829047.086844884	204.2478920193389
829056.891329609	829057.094306716	202.97710702288896
829066.975331825	829067.102419212	127.08738702349365
829077.083575314	829077.110927722	27.35240792389959
829087.415628291	829087.469264746	53.63645497709513
829097.431827436	829097.477947288	46.11985199153423
829107.551371628	829107.739257074	187.88544600829482
829117.823849417	829117.899087896	75.23847895208746
829128.087676885	829128.157442614	69.76572901476175
829138.190608319	829138.516126976	325.5186569876969
829148.205710284	829148.523270273	317.5599890528247
829158.389699283	829158.528622281	138.92299798317254
Sent msgs: 29
Received msgs: 29
Elapsed_time(s): 295.91502618789673
